  ras2d.cpp
C:\dev\ras2d\src\render\chunk.hpp(47,1): warning C4267: 'initializing': conversion from 'size_t' to 'unsigned int', possible loss of data
C:\dev\ras2d\src\render\render.hpp(56,43): warning C4244: 'argument': conversion from 'unsigned int' to 'T', possible loss of data
          with
          [
              T=float
          ]
C:\dev\ras2d\src\render\render.hpp(56,35): warning C4244: 'argument': conversion from 'unsigned int' to 'T', possible loss of data
          with
          [
              T=float
          ]
C:\dev\ras2d\src\render\render.hpp(57,44): warning C4244: 'argument': conversion from 'unsigned int' to 'float', possible loss of data
C:\dev\ras2d\src\render\render.hpp(57,31): warning C4244: 'argument': conversion from 'unsigned int' to 'float', possible loss of data
C:\dev\ras2d\src\render\render.hpp(58,49): warning C4244: 'argument': conversion from 'unsigned int' to 'T', possible loss of data
          with
          [
              T=float
          ]
C:\dev\ras2d\src\render\render.hpp(58,41): warning C4244: 'argument': conversion from 'unsigned int' to 'T', possible loss of data
          with
          [
              T=float
          ]
C:\dev\ras2d\src\render\render.hpp(59,50): warning C4244: 'argument': conversion from 'unsigned int' to 'float', possible loss of data
C:\dev\ras2d\src\render\render.hpp(59,37): warning C4244: 'argument': conversion from 'unsigned int' to 'float', possible loss of data
C:\dev\ras2d\src\render\render.hpp(60,49): warning C4244: 'argument': conversion from 'unsigned int' to 'T', possible loss of data
          with
          [
              T=float
          ]
C:\dev\ras2d\src\render\render.hpp(60,41): warning C4244: 'argument': conversion from 'unsigned int' to 'T', possible loss of data
          with
          [
              T=float
          ]
C:\dev\ras2d\src\render\render.hpp(61,50): warning C4244: 'argument': conversion from 'unsigned int' to 'float', possible loss of data
C:\dev\ras2d\src\render\render.hpp(61,37): warning C4244: 'argument': conversion from 'unsigned int' to 'float', possible loss of data
C:\dev\ras2d\src\render\render.hpp(149,73): warning C4244: 'argument': conversion from 'T' to 'T', possible loss of data
          with
          [
              T=int
          ]
          and
          [
              T=float
          ]
C:\dev\ras2d\src\render\render.hpp(149,46): warning C4244: 'argument': conversion from 'T' to 'T', possible loss of data
          with
          [
              T=int
          ]
          and
          [
              T=float
          ]
C:\dev\ras2d\src\render\render.hpp(167,89): warning C4244: 'argument': conversion from 'double' to 'T', possible loss of data
          with
          [
              T=float
          ]
C:\dev\ras2d\src\render\render.hpp(167,57): warning C4244: 'argument': conversion from 'double' to 'T', possible loss of data
          with
          [
              T=float
          ]
C:\dev\ras2d\src\menu.hpp(123,40): warning C4267: 'initializing': conversion from 'size_t' to 'int', possible loss of data
C:\dev\ras2d\src\ras2d.cpp(373,23): warning C4244: 'initializing': conversion from 'float' to 'unsigned short', possible loss of data
  Generating code
  1 of 1982 functions (<0.1%) were compiled, the rest were copied from previous compilation.
    0 functions were new in current compilation
    5 functions had inline decision re-evaluated but remain unchanged
  Finished generating code
  ras2d.vcxproj -> C:\dev\ras2d\x64\Release\ras2d.exe
